/*C28*/SET SCHEMA PUBLIC
INSERT INTO USERS VALUES(21,'name ','123','Warehouse manager','fil')
ALTER SEQUENCE PUBLIC.HIBERNATE_SEQUENCE RESTART WITH 22
COMMIT
/*C25*/SET SCHEMA PUBLIC
DISCONNECT
/*C26*/SET SCHEMA PUBLIC
DISCONNECT
/*C28*/DISCONNECT
/*C27*/SET SCHEMA PUBLIC
DISCONNECT
/*C32*/SET SCHEMA PUBLIC
INSERT INTO USERS VALUES(22,'name','123','Warehouse manager','filin')
ALTER SEQUENCE PUBLIC.HIBERNATE_SEQUENCE RESTART WITH 23
COMMIT
/*C33*/SET SCHEMA PUBLIC
DISCONNECT
/*C34*/SET SCHEMA PUBLIC
DISCONNECT
/*C31*/SET SCHEMA PUBLIC
DISCONNECT
/*C30*/SET SCHEMA PUBLIC
DISCONNECT
/*C29*/SET SCHEMA PUBLIC
DISCONNECT
/*C32*/DISCONNECT
/*C37*/SET SCHEMA PUBLIC
INSERT INTO USERS VALUES(23,'name','123','Cashier','filin1')
ALTER SEQUENCE PUBLIC.HIBERNATE_SEQUENCE RESTART WITH 24
COMMIT
/*C38*/SET SCHEMA PUBLIC
DISCONNECT
/*C40*/SET SCHEMA PUBLIC
DISCONNECT
/*C41*/SET SCHEMA PUBLIC
DISCONNECT
/*C37*/DISCONNECT
/*C36*/SET SCHEMA PUBLIC
DISCONNECT
/*C39*/SET SCHEMA PUBLIC
DISCONNECT
/*C35*/SET SCHEMA PUBLIC
DISCONNECT
/*C45*/SET SCHEMA PUBLIC
INSERT INTO USERS VALUES(24,'m','9','Warehouse manager','us')
ALTER SEQUENCE PUBLIC.HIBERNATE_SEQUENCE RESTART WITH 25
COMMIT
/*C47*/SET SCHEMA PUBLIC
DISCONNECT
/*C45*/DISCONNECT
/*C46*/SET SCHEMA PUBLIC
DISCONNECT
/*C43*/SET SCHEMA PUBLIC
DISCONNECT
/*C42*/SET SCHEMA PUBLIC
DISCONNECT
/*C44*/SET SCHEMA PUBLIC
DISCONNECT
